<?xml version="1.0" encoding="UTF-8"?>
<testsuite name="JUnit Jupiter" tests="8" skipped="0" failures="0" errors="0" time="16.756" hostname="macbook-calberca.local" timestamp="2017-08-02T12:22:59">
<properties>
[...]
</properties>
<testcase name="testLoadingCapabilities()" classname="com.autentia.training.selenium.todomvc.main.TodoMvcFlowTest" time="3.394">
<system-out><![CDATA[
unique-id: [engine:junit-jupiter]/[class:com.autentia.training.selenium.todomvc.main.TodoMvcFlowTest]/[method:testLoadingCapabilities()]
display-name: it should load the page correctly
]]></system-out>
</testcase>
<testcase name="testCreateTodo()" classname="com.autentia.training.selenium.todomvc.main.TodoMvcFlowTest" time="1.632">
<system-out><![CDATA[
unique-id: [engine:junit-jupiter]/[class:com.autentia.training.selenium.todomvc.main.TodoMvcFlowTest]/[method:testCreateTodo()]
display-name: it should create a new todo
]]></system-out>
</testcase>
<testcase name="testEditTodo()" classname="com.autentia.training.selenium.todomvc.main.TodoMvcFlowTest" time="2.379">
<system-out><![CDATA[
unique-id: [engine:junit-jupiter]/[class:com.autentia.training.selenium.todomvc.main.TodoMvcFlowTest]/[method:testEditTodo()]
display-name: it should edit an already created todo
]]></system-out>
</testcase>
<testcase name="testDeleteTodo()" classname="com.autentia.training.selenium.todomvc.main.TodoMvcFlowTest" time="2.034">
<system-out><![CDATA[
unique-id: [engine:junit-jupiter]/[class:com.autentia.training.selenium.todomvc.main.TodoMvcFlowTest]/[method:testDeleteTodo()]
display-name: it should delete a given todo
]]></system-out>
</testcase>
<testcase name="testCompleteTodo()" classname="com.autentia.training.selenium.todomvc.main.TodoMvcFlowTest" time="2.152">
<system-out><![CDATA[
unique-id: [engine:junit-jupiter]/[class:com.autentia.training.selenium.todomvc.main.TodoMvcFlowTest]/[method:testCompleteTodo()]
display-name: it should complete a given tddo
]]></system-out>
</testcase>
<testcase name="testClearCompletedTodos()" classname="com.autentia.training.selenium.todomvc.main.TodoMvcFlowTest" time="1.568">
<system-out><![CDATA[
unique-id: [engine:junit-jupiter]/[class:com.autentia.training.selenium.todomvc.main.TodoMvcFlowTest]/[method:testClearCompletedTodos()]
display-name: it should clear completed todos
]]></system-out>
</testcase>
<testcase name="testFilterActiveTodos()" classname="com.autentia.training.selenium.todomvc.main.TodoMvcFlowTest$FilterTodosTest" time="1.905">
<system-out><![CDATA[
unique-id: [engine:junit-jupiter]/[class:com.autentia.training.selenium.todomvc.main.TodoMvcFlowTest]/[nested-class:FilterTodosTest]/[method:testFilterActiveTodos()]
display-name: it should filter active todos
]]></system-out>
</testcase>
<testcase name="testFilterCompletedTodos()" classname="com.autentia.training.selenium.todomvc.main.TodoMvcFlowTest$FilterTodosTest" time="1.525">
<system-out><![CDATA[
unique-id: [engine:junit-jupiter]/[class:com.autentia.training.selenium.todomvc.main.TodoMvcFlowTest]/[nested-class:FilterTodosTest]/[method:testFilterCompletedTodos()]
display-name: it should filter completed todos
]]></system-out>
</testcase>
<system-out><![CDATA[
unique-id: [engine:junit-jupiter]
display-name: JUnit Jupiter
]]></system-out>
</testsuite>
