<?xml version="1.0" encoding="UTF-8"?>
<testsuite name="JUnit Jupiter" tests="8" skipped="7" failures="1" errors="0" time="4.125" hostname="macbook-calberca.local" timestamp="2017-08-04T11:13:02">
<properties>
[...]
</properties>
<testcase name="testLoadingCapabilities()" classname="com.autentia.training.selenium.todomvc.main.TodoMvcFlowTest" time="4.049">
<failure message="expected: &lt;TodoMVC&gt; but was: &lt;127.0.0.1&gt;" type="org.opentest4j.AssertionFailedError"><![CDATA[org.opentest4j.AssertionFailedError: expected: <TodoMVC> but was: <127.0.0.1>
	at org.junit.jupiter.api.AssertionUtils.fail(AssertionUtils.java:52)
	at org.junit.jupiter.api.AssertEquals.failNotEqual(AssertEquals.java:171)
	at org.junit.jupiter.api.AssertEquals.assertEquals(AssertEquals.java:166)
	at org.junit.jupiter.api.AssertEquals.assertEquals(AssertEquals.java:157)
	at org.junit.jupiter.api.Assertions.assertEquals(Assertions.java:459)
	at com.autentia.training.selenium.todomvc.main.TodoMvcFlowTest.testLoadingCapabilities(TodoMvcFlowTest.java:37)
	at sun.reflect.NativeMethodAccessorImpl.invoke0(Native Method)
	at sun.reflect.NativeMethodAccessorImpl.invoke(NativeMethodAccessorImpl.java:62)
	at sun.reflect.DelegatingMethodAccessorImpl.invoke(DelegatingMethodAccessorImpl.java:43)
	at java.lang.reflect.Method.invoke(Method.java:498)
	at org.junit.platform.commons.util.ReflectionUtils.invokeMethod(ReflectionUtils.java:316)
	at org.junit.jupiter.engine.execution.ExecutableInvoker.invoke(ExecutableInvoker.java:114)
	at org.junit.jupiter.engine.descriptor.MethodTestDescriptor.lambda$invokeTestMethod$6(MethodTestDescriptor.java:171)
	at org.junit.jupiter.engine.execution.ThrowableCollector.execute(ThrowableCollector.java:40)
	at org.junit.jupiter.engine.descriptor.MethodTestDescriptor.invokeTestMethod(MethodTestDescriptor.java:168)
	at org.junit.jupiter.engine.descriptor.MethodTestDescriptor.execute(MethodTestDescriptor.java:115)
	at org.junit.jupiter.engine.descriptor.MethodTestDescriptor.execute(MethodTestDescriptor.java:57)
	at org.junit.platform.engine.support.hierarchical.HierarchicalTestExecutor.lambda$execute$1(HierarchicalTestExecutor.java:81)
	at org.junit.platform.engine.support.hierarchical.SingleTestExecutor.executeSafely(SingleTestExecutor.java:66)
	at org.junit.platform.engine.support.hierarchical.HierarchicalTestExecutor.execute(HierarchicalTestExecutor.java:76)
	at org.junit.platform.engine.support.hierarchical.HierarchicalTestExecutor.lambda$execute$1(HierarchicalTestExecutor.java:91)
	at org.junit.platform.engine.support.hierarchical.SingleTestExecutor.executeSafely(SingleTestExecutor.java:66)
	at org.junit.platform.engine.support.hierarchical.HierarchicalTestExecutor.execute(HierarchicalTestExecutor.java:76)
	at org.junit.platform.engine.support.hierarchical.HierarchicalTestExecutor.lambda$execute$1(HierarchicalTestExecutor.java:91)
	at org.junit.platform.engine.support.hierarchical.SingleTestExecutor.executeSafely(SingleTestExecutor.java:66)
	at org.junit.platform.engine.support.hierarchical.HierarchicalTestExecutor.execute(HierarchicalTestExecutor.java:76)
	at org.junit.platform.engine.support.hierarchical.HierarchicalTestExecutor.execute(HierarchicalTestExecutor.java:51)
	at org.junit.platform.engine.support.hierarchical.HierarchicalTestEngine.execute(HierarchicalTestEngine.java:43)
	at org.junit.platform.launcher.core.DefaultLauncher.execute(DefaultLauncher.java:137)
	at org.junit.platform.launcher.core.DefaultLauncher.execute(DefaultLauncher.java:87)
	at org.junit.platform.console.tasks.ConsoleTestExecutor.executeTests(ConsoleTestExecutor.java:65)
	at org.junit.platform.console.tasks.ConsoleTestExecutor.lambda$execute$0(ConsoleTestExecutor.java:57)
	at org.junit.platform.console.tasks.CustomContextClassLoaderExecutor.invoke(CustomContextClassLoaderExecutor.java:33)
	at org.junit.platform.console.tasks.ConsoleTestExecutor.execute(ConsoleTestExecutor.java:57)
	at org.junit.platform.console.ConsoleLauncher.executeTests(ConsoleLauncher.java:79)
	at org.junit.platform.console.ConsoleLauncher.execute(ConsoleLauncher.java:69)
	at org.junit.platform.console.ConsoleLauncher.main(ConsoleLauncher.java:41)
]]></failure>
<system-out><![CDATA[
unique-id: [engine:junit-jupiter]/[class:com.autentia.training.selenium.todomvc.main.TodoMvcFlowTest]/[method:testLoadingCapabilities()]
display-name: it should load the page correctly
]]></system-out>
</testcase>
<testcase name="testCreateTodo()" classname="com.autentia.training.selenium.todomvc.main.TodoMvcFlowTest" time="0">
<skipped><![CDATA[void com.autentia.training.selenium.todomvc.main.TodoMvcFlowTest.testCreateTodo() is @Disabled]]></skipped>
<system-out><![CDATA[
unique-id: [engine:junit-jupiter]/[class:com.autentia.training.selenium.todomvc.main.TodoMvcFlowTest]/[method:testCreateTodo()]
display-name: it should create a new todo
]]></system-out>
</testcase>
<testcase name="testEditTodo()" classname="com.autentia.training.selenium.todomvc.main.TodoMvcFlowTest" time="0">
<skipped><![CDATA[void com.autentia.training.selenium.todomvc.main.TodoMvcFlowTest.testEditTodo() is @Disabled]]></skipped>
<system-out><![CDATA[
unique-id: [engine:junit-jupiter]/[class:com.autentia.training.selenium.todomvc.main.TodoMvcFlowTest]/[method:testEditTodo()]
display-name: it should edit an already created todo
]]></system-out>
</testcase>
<testcase name="testDeleteTodo()" classname="com.autentia.training.selenium.todomvc.main.TodoMvcFlowTest" time="0">
<skipped><![CDATA[void com.autentia.training.selenium.todomvc.main.TodoMvcFlowTest.testDeleteTodo() is @Disabled]]></skipped>
<system-out><![CDATA[
unique-id: [engine:junit-jupiter]/[class:com.autentia.training.selenium.todomvc.main.TodoMvcFlowTest]/[method:testDeleteTodo()]
display-name: it should delete a given todo
]]></system-out>
</testcase>
<testcase name="testCompleteTodo()" classname="com.autentia.training.selenium.todomvc.main.TodoMvcFlowTest" time="0">
<skipped><![CDATA[void com.autentia.training.selenium.todomvc.main.TodoMvcFlowTest.testCompleteTodo() is @Disabled]]></skipped>
<system-out><![CDATA[
unique-id: [engine:junit-jupiter]/[class:com.autentia.training.selenium.todomvc.main.TodoMvcFlowTest]/[method:testCompleteTodo()]
display-name: it should complete a given todo
]]></system-out>
</testcase>
<testcase name="testClearCompletedTodos()" classname="com.autentia.training.selenium.todomvc.main.TodoMvcFlowTest" time="0">
<skipped><![CDATA[void com.autentia.training.selenium.todomvc.main.TodoMvcFlowTest.testClearCompletedTodos() is @Disabled]]></skipped>
<system-out><![CDATA[
unique-id: [engine:junit-jupiter]/[class:com.autentia.training.selenium.todomvc.main.TodoMvcFlowTest]/[method:testClearCompletedTodos()]
display-name: it should clear completed todos
]]></system-out>
</testcase>
<testcase name="testFilterActiveTodos()" classname="com.autentia.training.selenium.todomvc.main.TodoMvcFlowTest$FilterTodosTest" time="0">
<skipped><![CDATA[void com.autentia.training.selenium.todomvc.main.TodoMvcFlowTest$FilterTodosTest.testFilterActiveTodos() is @Disabled]]></skipped>
<system-out><![CDATA[
unique-id: [engine:junit-jupiter]/[class:com.autentia.training.selenium.todomvc.main.TodoMvcFlowTest]/[nested-class:FilterTodosTest]/[method:testFilterActiveTodos()]
display-name: it should filter active todos
]]></system-out>
</testcase>
<testcase name="testFilterCompletedTodos()" classname="com.autentia.training.selenium.todomvc.main.TodoMvcFlowTest$FilterTodosTest" time="0">
<skipped><![CDATA[void com.autentia.training.selenium.todomvc.main.TodoMvcFlowTest$FilterTodosTest.testFilterCompletedTodos() is @Disabled]]></skipped>
<system-out><![CDATA[
unique-id: [engine:junit-jupiter]/[class:com.autentia.training.selenium.todomvc.main.TodoMvcFlowTest]/[nested-class:FilterTodosTest]/[method:testFilterCompletedTodos()]
display-name: it should filter completed todos
]]></system-out>
</testcase>
<system-out><![CDATA[
unique-id: [engine:junit-jupiter]
display-name: JUnit Jupiter
]]></system-out>
</testsuite>
